
tmcheck -par "rgb_blinky_rgb_blinky_imp.par" 

bitgen -w "rgb_blinky_rgb_blinky_imp.udb" -f "rgb_blinky_rgb_blinky_imp.t2b" 
Loading rgb_blinky_rgb_blinky_imp.udb ...
Loading device for application GENERIC from file 'itpa08.nph' in environment: C:/lscc/radiant/2.2/ispfpga.
Package Status:                     Preliminary    Version 1.5.
Performance Hardware Data Status:   Advanced       Version 1.0.



Design:  rgb_blink
Family:  iCE40UP
Device:  iCE40UP5K
Package: SG48
Performance Grade:   High-Performance_1.2V
Successfully loading udb from disks and to up-layer in CPU time: 0 secs , REAL time: 0 secs 



BITGEN: Bitstream Generator Radiant Software (64-bit) 2.2.0.97.3
Copyright (c) 1991-1994 by NeoCAD Inc. All rights reserved.
Copyright (c) 1995 AT&T Corp.   All rights reserved.
Copyright (c) 1995-2001 Lucent Technologies Inc.  All rights reserved.
Copyright (c) 2001 Agere Systems   All rights reserved.
Copyright (c) 2002-2020 Lattice Semiconductor Corporation,  All rights reserved.


Running DRC.
DRC detected 0 errors and 0 warnings.

Preference Summary:
+---------------------------------+---------------------------------+
|  Preference                     |  Current Setting                |
+---------------------------------+---------------------------------+
 *  Default setting.
 ** The specified setting matches the default setting.


Creating bit map...
Saving bit stream in "F:\whathisface\UPduino-v3.0\RTL\Lattice-Radiant-Project-v2p2\rgb_blinky\rgb_blinky_imp\rgb_blinky_rgb_blinky_imp.bin".
Bitstream generation complete!

Total CPU Time: 1 secs 
Total REAL Time: 2 secs 
Peak Memory Usage: 114 MB


ibisgen "rgb_blinky_rgb_blinky_imp.udb" "C:/lscc/radiant/2.2/cae_library/ibis/iCE40UP.ibs"
IBIS Models Generator: Lattice Radiant Software (64-bit) 2.2.0.97.3

Sun Dec 13 00:51:49 2020

Loading rgb_blinky_rgb_blinky_imp.udb ...
Loading device for application GENERIC from file 'itpa08.nph' in environment: C:/lscc/radiant/2.2/ispfpga.
Package Status:                     Preliminary    Version 1.5.
Performance Hardware Data Status:   Advanced       Version 1.0.



Design:  rgb_blink
Family:  iCE40UP
Device:  iCE40UP5K
Package: SG48
Performance Grade:   High-Performance_1.2V
Successfully loading udb from disks and to up-layer in CPU time: 0 secs , REAL time: 0 secs 

Created design models.


Generating: F:\whathisface\UPduino-v3.0\RTL\Lattice-Radiant-Project-v2p2\rgb_blinky\rgb_blinky_imp\IBIS\rgb_blinky_rgb_blinky_imp.ibs


    <postMsg mid="1191031" type="Info" dynamic="0" navigation="0"  />

backanno "rgb_blinky_rgb_blinky_imp.udb"  -o "rgb_blinky_rgb_blinky_imp_vo.vo"      -sp "High-Performance_1.2V"  -w -neg
backanno: version Radiant Software (64-bit) 2.2.0.97.3
Copyright (c) 1991-1994 by NeoCAD Inc. All rights reserved.
Copyright (c) 1995 AT&T Corp.   All rights reserved.
Copyright (c) 1995-2001 Lucent Technologies Inc.  All rights reserved.
Copyright (c) 2001 Agere Systems   All rights reserved.
Copyright (c) 2002-2020 Lattice Semiconductor Corporation,  All rights reserved.

Loading rgb_blinky_rgb_blinky_imp.udb ...
Loading device for application GENERIC from file 'itpa08.nph' in environment: C:/lscc/radiant/2.2/ispfpga.
Package Status:                     Preliminary    Version 1.5.
Performance Hardware Data Status:   Advanced       Version 1.0.



Design:  rgb_blink
Family:  iCE40UP
Device:  iCE40UP5K
Package: SG48
Performance Grade:   High-Performance_1.2V
Writing a verilog netlist based on the rgb_blinky_rgb_blinky_imp design file.

Writing Verilog netlist to file rgb_blinky_rgb_blinky_imp_vo.vo
    <postMsg mid="35400233" type="Info" dynamic="1" navigation="0" arg0="rgb_blinky_rgb_blinky_imp_vo.vo"  />
Writing SDF timing to file rgb_blinky_rgb_blinky_imp_vo.sdf
Backanno finished with 0 posted error messages.
Total CPU Time: 3 secs 
Total REAL Time: 4 secs 
Peak Memory Usage: 119 MB
