Running in Lattice mode

Starting:    C:\lscc\radiant\2.2\synpbase\bin64\mbin\synbatch.exe
Install:     C:\lscc\radiant\2.2\synpbase
Hostname:    WEI-WS1
Date:        Sun Dec 13 00:41:55 2020
Version:     Q-2020.03LR-SP1

Arguments:   -product synplify_pro -batch rgb_blinky_rgb_blinky_imp_synplify.tcl
ProductType: synplify_pro




"force_gsr" is unrecognized option for current device
log file: "F:\whathisface\UPduino-v3.0\RTL\Lattice-Radiant-Project-v2p2\rgb_blinky\rgb_blinky_imp\rgb_blinky_rgb_blinky_imp.srr"
Running: rgb_blinky_imp in foreground

Running proj_1|rgb_blinky_imp

Running Flow: compile (Compile) on proj_1|rgb_blinky_imp
# Sun Dec 13 00:41:56 2020

Running Flow: compile_flow (Compile Process) on proj_1|rgb_blinky_imp
# Sun Dec 13 00:41:56 2020

Running: compiler (Compile Input) on proj_1|rgb_blinky_imp
# Sun Dec 13 00:41:56 2020
Copied F:\whathisface\UPduino-v3.0\RTL\Lattice-Radiant-Project-v2p2\rgb_blinky\rgb_blinky_imp\synwork\rgb_blinky_rgb_blinky_imp_comp.srs to F:\whathisface\UPduino-v3.0\RTL\Lattice-Radiant-Project-v2p2\rgb_blinky\rgb_blinky_imp\rgb_blinky_rgb_blinky_imp.srs

compiler completed
# Sun Dec 13 00:42:08 2020

Return Code: 0
Run Time:00h:00m:12s

Running: multi_srs_gen (Multi-srs Generator) on proj_1|rgb_blinky_imp
# Sun Dec 13 00:42:08 2020

multi_srs_gen completed
# Sun Dec 13 00:42:08 2020

Return Code: 0
Run Time:00h:00m:00s
Copied F:\whathisface\UPduino-v3.0\RTL\Lattice-Radiant-Project-v2p2\rgb_blinky\rgb_blinky_imp\synwork\rgb_blinky_rgb_blinky_imp_mult.srs to F:\whathisface\UPduino-v3.0\RTL\Lattice-Radiant-Project-v2p2\rgb_blinky\rgb_blinky_imp\rgb_blinky_rgb_blinky_imp.srs
Copied F:\whathisface\UPduino-v3.0\RTL\Lattice-Radiant-Project-v2p2\rgb_blinky\rgb_blinky_imp\rgb_blinky_rgb_blinky_imp.srr to F:\whathisface\UPduino-v3.0\RTL\Lattice-Radiant-Project-v2p2\rgb_blinky\rgb_blinky_imp\rgb_blinky_rgb_blinky_imp.srf
Complete: Compile Process on proj_1|rgb_blinky_imp

Running: premap (Premap) on proj_1|rgb_blinky_imp
# Sun Dec 13 00:42:08 2020

premap completed
# Sun Dec 13 00:42:11 2020

Return Code: 0
Run Time:00h:00m:03s
Complete: Compile on proj_1|rgb_blinky_imp

Running Flow: map (Map) on proj_1|rgb_blinky_imp
# Sun Dec 13 00:42:11 2020

Running: fpga_mapper (Map & Optimize) on proj_1|rgb_blinky_imp
# Sun Dec 13 00:42:11 2020
Copied F:\whathisface\UPduino-v3.0\RTL\Lattice-Radiant-Project-v2p2\rgb_blinky\rgb_blinky_imp\synwork\rgb_blinky_rgb_blinky_imp_m.srm to F:\whathisface\UPduino-v3.0\RTL\Lattice-Radiant-Project-v2p2\rgb_blinky\rgb_blinky_imp\rgb_blinky_rgb_blinky_imp.srm

fpga_mapper completed with warnings
# Sun Dec 13 00:42:22 2020

Return Code: 1
Run Time:00h:00m:11s
Complete: Map on proj_1|rgb_blinky_imp
Copied F:\whathisface\UPduino-v3.0\RTL\Lattice-Radiant-Project-v2p2\rgb_blinky\rgb_blinky_imp\rgb_blinky_rgb_blinky_imp.srr to F:\whathisface\UPduino-v3.0\RTL\Lattice-Radiant-Project-v2p2\rgb_blinky\rgb_blinky_imp\rgb_blinky_rgb_blinky_imp.srf
Complete: Logic Synthesis on proj_1|rgb_blinky_imp
TCL script complete: "rgb_blinky_rgb_blinky_imp_synplify.tcl"
exit status=0
exit status=0
Save changes for project:
F:\whathisface\UPduino-v3.0\RTL\Lattice-Radiant-Project-v2p2\rgb_blinky\rgb_blinky_imp\proj_1.prj
batch mode default:no
