SLICE/COUT0 GND  rgb_blink_reveal_coretop_instance.rgb_blink_la0_inst_0.tm_u.pre_trig_cntr_cry_c_0[0].SLICE_9
     *** rgb_blink_reveal_coretop_instance.rgb_blink_la0_inst_0.tm_u.pre_trig_cntr_cry_c_0[0].SLICE_9/D1 is driven by constant or a pin on an incomplete path
     *** rgb_blink_reveal_coretop_instance.rgb_blink_la0_inst_0.tm_u.pre_trig_cntr_cry_c_0[0].SLICE_9/CIN1 is driven by constant or a pin on an incomplete path
SLICE/COUT0 GND  rgb_blink_reveal_coretop_instance.rgb_blink_la0_inst_0.tm_u.post_trig_cntr_cry_c_0[0].SLICE_4
     *** rgb_blink_reveal_coretop_instance.rgb_blink_la0_inst_0.tm_u.post_trig_cntr_cry_c_0[0].SLICE_4/D1 is driven by constant or a pin on an incomplete path
     *** rgb_blink_reveal_coretop_instance.rgb_blink_la0_inst_0.tm_u.post_trig_cntr_cry_c_0[0].SLICE_4/CIN1 is driven by constant or a pin on an incomplete path
SLICE/D1 input rgb_blink_reveal_coretop_instance.rgb_blink_la0_inst_0.tm_u.SLICE_10 has no outgoing device arc
SLICE/CIN1 input rgb_blink_reveal_coretop_instance.rgb_blink_la0_inst_0.tm_u.SLICE_10 has no outgoing device arc
     ** rgb_blink_reveal_coretop_instance.rgb_blink_la0_inst_0.tm_u.SLICE_10/COUT0 is driving a pin on an incomplete path
SLICE/C0 input rgb_blink_reveal_coretop_instance.rgb_blink_la0_inst_0.tm_u.SLICE_10 is on an incomplete path
SLICE/CIN0 input rgb_blink_reveal_coretop_instance.rgb_blink_la0_inst_0.tm_u.SLICE_10 is on an incomplete path
SLICE/D1 input rgb_blink_reveal_coretop_instance.rgb_blink_la0_inst_0.tm_u.SLICE_16 has no outgoing device arc
SLICE/CIN1 input rgb_blink_reveal_coretop_instance.rgb_blink_la0_inst_0.tm_u.SLICE_16 has no outgoing device arc
     ** rgb_blink_reveal_coretop_instance.rgb_blink_la0_inst_0.tm_u.SLICE_16/COUT0 is driving a pin on an incomplete path
SLICE/C0 input rgb_blink_reveal_coretop_instance.rgb_blink_la0_inst_0.tm_u.SLICE_16 is on an incomplete path
SLICE/CIN0 input rgb_blink_reveal_coretop_instance.rgb_blink_la0_inst_0.tm_u.SLICE_16 is on an incomplete path
SLICE/CIN1 input rgb_blink_reveal_coretop_instance.rgb_blink_la0_inst_0.tm_u.SLICE_22 has no outgoing device arc
SLICE/D1 input rgb_blink_reveal_coretop_instance.rgb_blink_la0_inst_0.tm_u.SLICE_27 has no outgoing device arc
SLICE/CIN1 input rgb_blink_reveal_coretop_instance.rgb_blink_la0_inst_0.tm_u.SLICE_27 has no outgoing device arc
     ** rgb_blink_reveal_coretop_instance.rgb_blink_la0_inst_0.tm_u.SLICE_27/COUT0 is driving a pin on an incomplete path
SLICE/C0 input rgb_blink_reveal_coretop_instance.rgb_blink_la0_inst_0.tm_u.SLICE_27 is on an incomplete path
SLICE/CIN0 input rgb_blink_reveal_coretop_instance.rgb_blink_la0_inst_0.tm_u.SLICE_27 is on an incomplete path
SLICE/CIN1 input rgb_blink_reveal_coretop_instance.rgb_blink_la0_inst_0.tm_u.SLICE_32 has no outgoing device arc
SLICE/COUT0 GND  rgb_blink_reveal_coretop_instance.rgb_blink_la0_inst_0.jtag_int_u.bit_cnt_cry_c_0[0].SLICE_39
     *** rgb_blink_reveal_coretop_instance.rgb_blink_la0_inst_0.jtag_int_u.bit_cnt_cry_c_0[0].SLICE_39/D1 is driven by constant or a pin on an incomplete path
     *** rgb_blink_reveal_coretop_instance.rgb_blink_la0_inst_0.jtag_int_u.bit_cnt_cry_c_0[0].SLICE_39/CIN1 is driven by constant or a pin on an incomplete path
SLICE/COUT0 GND  rgb_blink_reveal_coretop_instance.rgb_blink_la0_inst_0.trig_u.te_0.te_precnt_cry_c_0[0].SLICE_47
     *** rgb_blink_reveal_coretop_instance.rgb_blink_la0_inst_0.trig_u.te_0.te_precnt_cry_c_0[0].SLICE_47/D1 is driven by constant or a pin on an incomplete path
     *** rgb_blink_reveal_coretop_instance.rgb_blink_la0_inst_0.trig_u.te_0.te_precnt_cry_c_0[0].SLICE_47/CIN1 is driven by constant or a pin on an incomplete path
SLICE/CIN1 input SLICE_48 has no outgoing device arc
SLICE/F0 VCC  SLICE_912
     *** rgb_blink_reveal_coretop_instance.rgb_blink_la0_inst_0.tm_u.post_trig_cntr_cry_c_0[7].SLICE_0/C1 is driven by constant or a pin on an incomplete path
     *** rgb_blink_reveal_coretop_instance.rgb_blink_la0_inst_0.tm_u.post_trig_cntr_cry_c_0[7].SLICE_0/C0 is driven by constant or a pin on an incomplete path
     *** rgb_blink_reveal_coretop_instance.rgb_blink_la0_inst_0.tm_u.post_trig_cntr_cry_c_0[5].SLICE_1/C1 is driven by constant or a pin on an incomplete path
     *** rgb_blink_reveal_coretop_instance.rgb_blink_la0_inst_0.tm_u.post_trig_cntr_cry_c_0[5].SLICE_1/C0 is driven by constant or a pin on an incomplete path
     *** rgb_blink_reveal_coretop_instance.rgb_blink_la0_inst_0.tm_u.post_trig_cntr_cry_c_0[3].SLICE_2/C1 is driven by constant or a pin on an incomplete path
     *** rgb_blink_reveal_coretop_instance.rgb_blink_la0_inst_0.tm_u.post_trig_cntr_cry_c_0[3].SLICE_2/C0 is driven by constant or a pin on an incomplete path
     *** rgb_blink_reveal_coretop_instance.rgb_blink_la0_inst_0.tm_u.post_trig_cntr_cry_c_0[1].SLICE_3/C1 is driven by constant or a pin on an incomplete path
     *** rgb_blink_reveal_coretop_instance.rgb_blink_la0_inst_0.tm_u.post_trig_cntr_cry_c_0[1].SLICE_3/C0 is driven by constant or a pin on an incomplete path
     *** rgb_blink_reveal_coretop_instance.rgb_blink_la0_inst_0.tm_u.post_trig_cntr_cry_c_0[0].SLICE_4/C1 is driven by constant or a pin on an incomplete path
     *** rgb_blink_reveal_coretop_instance.rgb_blink_la0_inst_0.tm_u.pre_trig_cntr_cry_c_0[7].SLICE_5/C1 is driven by constant or a pin on an incomplete path
     *** rgb_blink_reveal_coretop_instance.rgb_blink_la0_inst_0.tm_u.pre_trig_cntr_cry_c_0[7].SLICE_5/C0 is driven by constant or a pin on an incomplete path
     *** rgb_blink_reveal_coretop_instance.rgb_blink_la0_inst_0.tm_u.pre_trig_cntr_cry_c_0[5].SLICE_6/C1 is driven by constant or a pin on an incomplete path
     *** rgb_blink_reveal_coretop_instance.rgb_blink_la0_inst_0.tm_u.pre_trig_cntr_cry_c_0[5].SLICE_6/C0 is driven by constant or a pin on an incomplete path
     *** rgb_blink_reveal_coretop_instance.rgb_blink_la0_inst_0.tm_u.pre_trig_cntr_cry_c_0[3].SLICE_7/C1 is driven by constant or a pin on an incomplete path
     *** rgb_blink_reveal_coretop_instance.rgb_blink_la0_inst_0.tm_u.pre_trig_cntr_cry_c_0[3].SLICE_7/C0 is driven by constant or a pin on an incomplete path
     *** rgb_blink_reveal_coretop_instance.rgb_blink_la0_inst_0.tm_u.pre_trig_cntr_cry_c_0[1].SLICE_8/C1 is driven by constant or a pin on an incomplete path
     *** rgb_blink_reveal_coretop_instance.rgb_blink_la0_inst_0.tm_u.pre_trig_cntr_cry_c_0[1].SLICE_8/C0 is driven by constant or a pin on an incomplete path
     *** rgb_blink_reveal_coretop_instance.rgb_blink_la0_inst_0.tm_u.pre_trig_cntr_cry_c_0[0].SLICE_9/C1 is driven by constant or a pin on an incomplete path
     *** rgb_blink_reveal_coretop_instance.rgb_blink_la0_inst_0.tm_u.tm_rd_addr_cntr_cry_c_0[0].SLICE_15/C0 is driven by constant or a pin on an incomplete path
     *** rgb_blink_reveal_coretop_instance.rgb_blink_la0_inst_0.tm_u.tm_rd_addr_cntr_cry_c_0[0].SLICE_15/B0 is driven by constant or a pin on an incomplete path
     *** rgb_blink_reveal_coretop_instance.rgb_blink_la0_inst_0.tm_u.SLICE_21/C0 is driven by constant or a pin on an incomplete path
     *** rgb_blink_reveal_coretop_instance.rgb_blink_la0_inst_0.tm_u.SLICE_21/B0 is driven by constant or a pin on an incomplete path
     *** rgb_blink_reveal_coretop_instance.rgb_blink_la0_inst_0.tm_u.SLICE_26/C0 is driven by constant or a pin on an incomplete path
     *** rgb_blink_reveal_coretop_instance.rgb_blink_la0_inst_0.tm_u.SLICE_26/B0 is driven by constant or a pin on an incomplete path
     *** rgb_blink_reveal_coretop_instance.rgb_blink_la0_inst_0.tm_u.trig_cntr_cry_c_0[0].SLICE_31/C0 is driven by constant or a pin on an incomplete path
     *** rgb_blink_reveal_coretop_instance.rgb_blink_la0_inst_0.tm_u.trig_cntr_cry_c_0[0].SLICE_31/B0 is driven by constant or a pin on an incomplete path
     *** rgb_blink_reveal_coretop_instance.rgb_blink_la0_inst_0.tm_u.SLICE_36/C0 is driven by constant or a pin on an incomplete path
     *** rgb_blink_reveal_coretop_instance.rgb_blink_la0_inst_0.tm_u.SLICE_36/B0 is driven by constant or a pin on an incomplete path
     *** rgb_blink_reveal_coretop_instance.rgb_blink_la0_inst_0.jtag_int_u.bit_cnt_cry_c_0[3].SLICE_37/C1 is driven by constant or a pin on an incomplete path
     *** rgb_blink_reveal_coretop_instance.rgb_blink_la0_inst_0.jtag_int_u.bit_cnt_cry_c_0[3].SLICE_37/C0 is driven by constant or a pin on an incomplete path
     *** rgb_blink_reveal_coretop_instance.rgb_blink_la0_inst_0.jtag_int_u.bit_cnt_cry_c_0[1].SLICE_38/C1 is driven by constant or a pin on an incomplete path
     *** rgb_blink_reveal_coretop_instance.rgb_blink_la0_inst_0.jtag_int_u.bit_cnt_cry_c_0[1].SLICE_38/C0 is driven by constant or a pin on an incomplete path
     *** rgb_blink_reveal_coretop_instance.rgb_blink_la0_inst_0.jtag_int_u.bit_cnt_cry_c_0[0].SLICE_39/C1 is driven by constant or a pin on an incomplete path
     *** rgb_blink_reveal_coretop_instance.rgb_blink_la0_inst_0.trig_u.te_0.te_precnt_cry_c_0[13].SLICE_40/C1 is driven by constant or a pin on an incomplete path
     *** rgb_blink_reveal_coretop_instance.rgb_blink_la0_inst_0.trig_u.te_0.te_precnt_cry_c_0[13].SLICE_40/C0 is driven by constant or a pin on an incomplete path
     *** rgb_blink_reveal_coretop_instance.rgb_blink_la0_inst_0.trig_u.te_0.te_precnt_cry_c_0[11].SLICE_41/C1 is driven by constant or a pin on an incomplete path
     *** rgb_blink_reveal_coretop_instance.rgb_blink_la0_inst_0.trig_u.te_0.te_precnt_cry_c_0[11].SLICE_41/C0 is driven by constant or a pin on an incomplete path
     *** rgb_blink_reveal_coretop_instance.rgb_blink_la0_inst_0.trig_u.te_0.te_precnt_cry_c_0[9].SLICE_42/C1 is driven by constant or a pin on an incomplete path
     *** rgb_blink_reveal_coretop_instance.rgb_blink_la0_inst_0.trig_u.te_0.te_precnt_cry_c_0[9].SLICE_42/C0 is driven by constant or a pin on an incomplete path
     *** rgb_blink_reveal_coretop_instance.rgb_blink_la0_inst_0.trig_u.te_0.te_precnt_cry_c_0[7].SLICE_43/C1 is driven by constant or a pin on an incomplete path
     *** rgb_blink_reveal_coretop_instance.rgb_blink_la0_inst_0.trig_u.te_0.te_precnt_cry_c_0[7].SLICE_43/C0 is driven by constant or a pin on an incomplete path
     *** rgb_blink_reveal_coretop_instance.rgb_blink_la0_inst_0.trig_u.te_0.te_precnt_cry_c_0[5].SLICE_44/C1 is driven by constant or a pin on an incomplete path
     *** rgb_blink_reveal_coretop_instance.rgb_blink_la0_inst_0.trig_u.te_0.te_precnt_cry_c_0[5].SLICE_44/C0 is driven by constant or a pin on an incomplete path
     *** rgb_blink_reveal_coretop_instance.rgb_blink_la0_inst_0.trig_u.te_0.te_precnt_cry_c_0[3].SLICE_45/C1 is driven by constant or a pin on an incomplete path
     *** rgb_blink_reveal_coretop_instance.rgb_blink_la0_inst_0.trig_u.te_0.te_precnt_cry_c_0[3].SLICE_45/C0 is driven by constant or a pin on an incomplete path
     *** rgb_blink_reveal_coretop_instance.rgb_blink_la0_inst_0.trig_u.te_0.te_precnt_cry_c_0[1].SLICE_46/C1 is driven by constant or a pin on an incomplete path
     *** rgb_blink_reveal_coretop_instance.rgb_blink_la0_inst_0.trig_u.te_0.te_precnt_cry_c_0[1].SLICE_46/C0 is driven by constant or a pin on an incomplete path
     *** rgb_blink_reveal_coretop_instance.rgb_blink_la0_inst_0.trig_u.te_0.te_precnt_cry_c_0[0].SLICE_47/C1 is driven by constant or a pin on an incomplete path
     *** rgb_blink_reveal_coretop_instance.rgb_blink_la0_inst_0.tm_u.genblk1.tr_mem.mem_mem_0_0.ebr_inst/RCLKE is driven by constant or a pin on an incomplete path
     *** rgb_blink_reveal_coretop_instance.rgb_blink_la0_inst_0.tm_u.genblk1.tr_mem.mem_mem_0_0.ebr_inst/RE is driven by constant or a pin on an incomplete path
     *** rgb_blink_reveal_coretop_instance.rgb_blink_la0_inst_0.tm_u.genblk2.tr_mem.mem_mem_0_0.ebr_inst/RCLKE is driven by constant or a pin on an incomplete path
     *** rgb_blink_reveal_coretop_instance.rgb_blink_la0_inst_0.tm_u.genblk2.tr_mem.mem_mem_0_0.ebr_inst/RE is driven by constant or a pin on an incomplete path
     *** rgb_blink_reveal_coretop_instance.rgb_blink_la0_inst_0.tm_u.tr_mem.mem_mem_0_0_cZ.ebr_inst/RCLKE is driven by constant or a pin on an incomplete path
     *** rgb_blink_reveal_coretop_instance.rgb_blink_la0_inst_0.tm_u.tr_mem.mem_mem_0_0_cZ.ebr_inst/RE is driven by constant or a pin on an incomplete path
     *** rgb_blink_reveal_coretop_instance.rgb_blink_la0_inst_0.tm_u.tr_mem.mem_mem_0_1_cZ.ebr_inst/RCLKE is driven by constant or a pin on an incomplete path
     *** rgb_blink_reveal_coretop_instance.rgb_blink_la0_inst_0.tm_u.tr_mem.mem_mem_0_1_cZ.ebr_inst/RE is driven by constant or a pin on an incomplete path
     *** rgb_blink_reveal_coretop_instance.rgb_blink_la0_inst_0.trig_u.te_0.te_tt_ebr_ram.mem_mem_0_0.ebr_inst/RCLKE is driven by constant or a pin on an incomplete path
     *** rgb_blink_reveal_coretop_instance.rgb_blink_la0_inst_0.trig_u.te_0.te_tt_ebr_ram.mem_mem_0_0.ebr_inst/RE is driven by constant or a pin on an incomplete path
     *** RGB_DRIVER.RGB_CORE_inst/CURREN is driven by constant or a pin on an incomplete path
     *** RGB_DRIVER.RGB_CORE_inst/RGBLEDEN is driven by constant or a pin on an incomplete path
     *** RGB_DRIVER.rgb0Pad/PADDT is driven by constant or a pin on an incomplete path
     *** RGB_DRIVER.rgb1Pad/PADDT is driven by constant or a pin on an incomplete path
     *** RGB_DRIVER.rgb2Pad/PADDT is driven by constant or a pin on an incomplete path
     *** u_HSOSC.osc_inst/CLKHFPU is driven by constant or a pin on an incomplete path
     *** u_HSOSC.osc_inst/CLKHFEN is driven by constant or a pin on an incomplete path
