
Copyright (C) 1994-2020 Synopsys, Inc.
This Synopsys software and all associated documentation are proprietary to Synopsys, Inc.
and may only be used pursuant to the terms and conditions of a written license agreement
with Synopsys, Inc. All other use, reproduction, modification, or distribution of the
Synopsys software or the associated documentation is strictly prohibited.
Tool: Synplify Pro (R)
Build: Q-2020.03LR-SP1
Install: C:\lscc\radiant\2.2\synpbase
OS: Windows 6.2

Hostname: WEI-WS1

Implementation : rgb_blinky_imp

# Written on Sun Dec 13 00:42:09 2020

##### FILES SYNTAX CHECKED ##############################################
Constraint File(s):      (none)

#Run constraint checker to find more issues with constraints.
#########################################################################



No issues found in constraint syntax.



Clock Summary
*************

          Start                            Requested     Requested     Clock        Clock                   Clock
Level     Clock                            Frequency     Period        Type         Group                   Load 
-----------------------------------------------------------------------------------------------------------------
0 -       System                           200.0 MHz     5.000         system       system_clkgroup         0    
                                                                                                                 
0 -       JTAG_SOFT|tck_inferred_clock     200.0 MHz     5.000         inferred     Inferred_clkgroup_1     264  
                                                                                                                 
0 -       rgb_blink|int_osc                200.0 MHz     5.000         inferred     Inferred_clkgroup_0     263  
=================================================================================================================


Clock Load Summary
******************

                                 Clock     Source                                                                Clock Pin                                                          Non-clock Pin     Non-clock Pin                                                                            
Clock                            Load      Pin                                                                   Seq Example                                                        Seq Example       Comb Example                                                                             
-----------------------------------------------------------------------------------------------------------------------------------------------------------------------------------------------------------------------------------------------------------------------------------------------
System                           0         -                                                                     -                                                                  -                 -                                                                                        
                                                                                                                                                                                                                                                                                               
JTAG_SOFT|tck_inferred_clock     264       rgb_blink_reveal_coretop_instance.JTAG_SOFT_inst_0.IB_inst2.O(IB)     rgb_blink_reveal_coretop_instance.JTAG_SOFT_inst_0.i_sys_rst.C     -                 rgb_blink_reveal_coretop_instance.JTAG_SOFT_inst_0.jtag_cntl_inst.j_reg.un1_tck.I[0](inv)
                                                                                                                                                                                                                                                                                               
rgb_blink|int_osc                263       u_HSOSC.CLKHF(HSOSC)                                                  frequency_counter_i[27:0].C                                        -                 -                                                                                        
===============================================================================================================================================================================================================================================================================================
