  Lattice Mapping Report File for Design Module 'rgb_blinky_rgb_blinky_imp'

Target Vendor:        LATTICE
Target Device:        iCE40UP5KSG48
Target Performance:   High-Performance_1.2V

Mapper:    version Radiant Software (64-bit) 2.2.0.97.3
Mapped on: Sun Dec 13 00:50:55 2020

Design Information
------------------

Command line:   map rgb_blinky_rgb_blinky_imp_syn.udb F:/whathisface/UPduino-v3.
     0/RTL/Lattice-Radiant-Project-v2p2/rgb_blinky/source/rgb_blinky_imp/rgb_bli
     nky_imp.pdc -o rgb_blinky_rgb_blinky_imp_map.udb -mp
     rgb_blinky_rgb_blinky_imp.mrp -hierrpt -gui

Design Summary
--------------

   Number of slice registers: 460 out of  5280 (9%)
   Number of I/O registers:      0 out of   117 (0%)
   Number of LUT4s:           979 out of  5280 (19%)
      Number of logic LUT4s:             663
      Number of inserted feedthru LUT4s: 179
      Number of replicated LUT4s:         15
      Number of ripple logic:             61 (122 LUT4s)
   Number of IO sites used:   7 out of 39 (18%)
      Number of IO sites used for general PIOs: 4
      Number of IO sites used for I3Cs: 0 out of 2 (0%)
      Number of IO sites used for PIOs+I3Cs: 4 out of 36 (11%)
      (note: If I3C is not used, its site can be used as general PIO)
      Number of IO sites used for OD+RGB IO buffers: 3 out of 3 (100%)
   Number of DSPs:             0 out of 8 (0%)
   Number of I2Cs:             0 out of 2 (0%)
   Number of High Speed OSCs:  1 out of 1 (100%)
   Number of Low Speed OSCs:   0 out of 1 (0%)
   Number of RGB PWM:          0 out of 1 (0%)
   Number of RGB Drivers:      1 out of 1 (100%)
   Number of SCL FILTERs:      0 out of 2 (0%)
   Number of SRAMs:            0 out of 4 (0%)
   Number of WARMBOOTs:        0 out of 1 (0%)
   Number of SPIs:             0 out of 2 (0%)
   Number of EBRs:             5 out of 30 (16%)
   Number of PLLs:             0 out of 1 (0%)
   Number of Clocks:  2
      Net rgb_blink_reveal_coretop_instance.jtck[0]: 212 loads, 21 rising, 191
     falling (Driver: Port JTAG_TCK)
      Net int_osc: 229 loads, 229 rising, 0 falling (Driver: Pin
     u_HSOSC.osc_inst/CLKHF)
   Number of Clock Enables:  29
      Net rgb_blink_reveal_coretop_instance.jrstn[0]: 2 loads, 2 SLICEs
      Net secured_signal_36: 8 loads, 8 SLICEs
      Net secured_signal_49: 8 loads, 8 SLICEs
      Net rgb_blink_reveal_coretop_instance.rgb_blink_la0_inst_0.capture_dr: 1
     loads, 1 SLICEs
      Net secured_signal_118: 14 loads, 10 SLICEs
      Net secured_signal_122: 5 loads, 5 SLICEs
      Net secured_signal_444: 2 loads, 0 SLICEs
      Net secured_signal_445: 6 loads, 6 SLICEs
      Net secured_signal_460: 5 loads, 5 SLICEs
      Net secured_signal_481: 10 loads, 10 SLICEs

                                    Page 1





Design Summary (cont)
---------------------
      Net secured_signal_519: 16 loads, 16 SLICEs
      Net secured_signal_526: 6 loads, 6 SLICEs
      Net secured_signal_558: 10 loads, 10 SLICEs
      Net secured_signal_562: 26 loads, 26 SLICEs
      Net secured_signal_563: 10 loads, 10 SLICEs
      Net secured_signal_564: 10 loads, 10 SLICEs
      Net secured_signal_569: 12 loads, 12 SLICEs
      Net VCC: 13 loads, 0 SLICEs
      Net rgb_blink_reveal_coretop_instance.rgb_blink_la0_inst_0.clear: 2 loads,
     0 SLICEs
      Net secured_signal_862: 2 loads, 2 SLICEs
      Net secured_signal_864: 16 loads, 16 SLICEs
      Net secured_signal_1014: 15 loads, 15 SLICEs
      Net secured_signal_1074: 20 loads, 20 SLICEs
      Net secured_signal_1108: 16 loads, 16 SLICEs
      Net secured_signal_1154: 2 loads, 2 SLICEs
      Net secured_signal_1155: 3 loads, 3 SLICEs
      Net secured_signal_1179: 2 loads, 0 SLICEs
      Net secured_signal_1264: 16 loads, 16 SLICEs
      Net secured_signal_1277: 16 loads, 16 SLICEs
   Number of LSRs:  3
      Net secured_signal_343: 16 loads, 16 SLICEs
      Net secured_signal_944: 111 loads, 111 SLICEs
      Net secured_signal_1190: 21 loads, 21 SLICEs
   Top 10 highest fanout non-clock nets:
      Net secured_signal_944: 111 loads
      Net VCC: 65 loads
      Net rgb_blink_reveal_coretop_instance.rgb_blink_la0_inst_0.addr[0]: 47
     loads
      Net rgb_blink_reveal_coretop_instance.rgb_blink_la0_inst_0.addr[1]: 44
     loads
      Net rgb_blink_reveal_coretop_instance.rgb_blink_la0_inst_0.jshift_d1: 33
     loads
      Net rgb_blink_reveal_coretop_instance.jshift[0]: 32 loads
      Net rgb_blink_reveal_coretop_instance.rgb_blink_la0_inst_0.capture_dr: 32
     loads
      Net secured_signal_345: 30 loads
      Net secured_signal_214: 28 loads
      Net rgb_blink_reveal_coretop_instance.rgb_blink_la0_inst_0.addr[8]: 27
     loads




   Number of warnings:  21
   Number of errors:    0

Design Errors/Warnings
----------------------

WARNING - map: No port matched '<led_green>'.
WARNING - map: Can't resolve object '<led_green>' in constraint
     'ldc_set_location -site {<39>} [get_ports <led_green>]'.
WARNING - map: No port matched '<led_blue>'.
WARNING - map: Can't resolve object '<led_blue>' in constraint 'ldc_set_location
     -site {<40>} [get_ports <led_blue>]'.
WARNING - map: No port matched '<led_red>'.

                                    Page 2





Design Errors/Warnings (cont)
-----------------------------
WARNING - map: Can't resolve object '<led_red>' in constraint 'ldc_set_location
     -site {<41>} [get_ports <led_red>]'.
WARNING - map: No port matched '<JTAG_TCK>'.
WARNING - map: Can't resolve object '<JTAG_TCK>' in constraint 'ldc_set_location
     -site {<35>} [get_ports <JTAG_TCK>]'.
WARNING - map: No port matched '<JTAG_TDI>'.
WARNING - map: Can't resolve object '<JTAG_TDI>' in constraint 'ldc_set_location
     -site {<28>} [get_ports <JTAG_TDI>]'.
WARNING - map: No port matched '<JTAG_TMS>'.
WARNING - map: Can't resolve object '<JTAG_TMS>' in constraint 'ldc_set_location
     -site {<32>} [get_ports <JTAG_TMS>]'.
WARNING - map: No port matched '<JTAG_TDO>'.
WARNING - map: Can't resolve object '<JTAG_TDO>' in constraint 'ldc_set_location
     -site {<31>} [get_ports <JTAG_TDO>]'.
WARNING - map: Remove invalid constraint 'ldc_set_location -site {<39>}
     [get_ports <led_green>]'.
WARNING - map: Remove invalid constraint 'ldc_set_location -site {<40>}
     [get_ports <led_blue>]'.
WARNING - map: Remove invalid constraint 'ldc_set_location -site {<41>}
     [get_ports <led_red>]'.
WARNING - map: Remove invalid constraint 'ldc_set_location -site {<35>}
     [get_ports <JTAG_TCK>]'.
WARNING - map: Remove invalid constraint 'ldc_set_location -site {<28>}
     [get_ports <JTAG_TDI>]'.
WARNING - map: Remove invalid constraint 'ldc_set_location -site {<32>}
     [get_ports <JTAG_TMS>]'.
WARNING - map: Remove invalid constraint 'ldc_set_location -site {<31>}
     [get_ports <JTAG_TDO>]'.

IO (PIO) Attributes
-------------------

+---------------------+-----------+-----------+-------+-------+-----------+
| IO Name             | Direction | Levelmode |  IO   |  IO   | Special   |
|                     |           |  IO_TYPE  |  REG  |  DDR  | IO Buffer |
+---------------------+-----------+-----------+-------+-------+-----------+
| JTAG_TMS            | INPUT     | LVCMOS33  |       |       |           |
+---------------------+-----------+-----------+-------+-------+-----------+
| JTAG_TCK            | INPUT     | LVCMOS33  |       |       |           |
+---------------------+-----------+-----------+-------+-------+-----------+
| JTAG_TDI            | INPUT     | LVCMOS33  |       |       |           |
+---------------------+-----------+-----------+-------+-------+-----------+
| JTAG_TDO            | OUTPUT    | LVCMOS33  |       |       |           |
+---------------------+-----------+-----------+-------+-------+-----------+
| led_green           | OUTPUT    | NA        |       |       | RGB       |
+---------------------+-----------+-----------+-------+-------+-----------+
| led_blue            | OUTPUT    | NA        |       |       | RGB       |
+---------------------+-----------+-----------+-------+-------+-----------+
| led_red             | OUTPUT    | NA        |       |       | RGB       |
+---------------------+-----------+-----------+-------+-------+-----------+

Removed logic
-------------

Block GND_cZ was optimized away.



                                    Page 3





OSC Summary
-----------

OSC 1:                                 Pin/Node Value
  OSC Instance Name:                            u_HSOSC.osc_inst
  Power UP:                            NODE     VCC
  Enable Signal:                       NODE     VCC
  OSC Output:                          NODE     int_osc
  DIV Setting:                                  00

ASIC Components
---------------

Instance Name: secured_comp_426
         Type: EBR
Instance Name: secured_comp_443
         Type: EBR
Instance Name: secured_comp_451
         Type: EBR
Instance Name: secured_comp_452
         Type: EBR
Instance Name: secured_comp_1074
         Type: EBR
Instance Name: RGB_DRIVER.RGB_CORE_inst
         Type: RGBA_DRV
Instance Name: u_HSOSC.osc_inst
         Type: HFOSC

Run Time and Memory Usage
-------------------------

   Total CPU Time: 0 secs
   Total REAL Time: 0 secs
   Peak Memory Usage: 67 MB


























                                    Page 4


Copyright (c) 1991-1994 by NeoCAD Inc. All rights reserved.
Copyright (c) 1995
     AT&T Corp.   All rights reserved.
Copyright (c) 1995-2001 Lucent
     Technologies Inc.  All rights reserved.
Copyright (c) 2001 Agere Systems
     All rights reserved.
Copyright (c) 2002-2020 Lattice Semiconductor
     Corporation,  All rights reserved.
