---------------------------------------
Resource Usage Report for rgb_blink 

Mapping to part: ice40up5ksg48-6
Cell usage:
CCU2_B          62 uses
FD1P3BZ         32 uses
FD1P3DZ         431 uses
GND             3 uses
HSOSC           1 use
INV             4 uses
PDP4K           5 uses
RGB             1 use
VCC             3 uses
LUT4            672 uses

I/O ports: 7
I/O primitives: 4
IB             3 uses
OBZ_B          1 use

I/O Register bits:                  0
Register bits not including I/Os:   463 of 5280 (8%)

RAM/ROM usage summary
Block Rams : 5 of 30 (16%)


@S |Mapping Summary:
Total  LUTs: 672 (12%)

Distribution of All Consumed LUTs = LUT4 
Distribution of All Consumed LUTs 672 = 672 

